<?xml version="1.0" encoding="UTF-8"?>
<!-- Generated by org.testng.reporters.JUnitXMLReporter -->
<testsuite hostname="LAPTOP-INNB72O5" ignored="0" name="BankingApp Test" tests="5" failures="4" timestamp="11 Apr 2020 14:59:17 GMT" time="39.923" errors="0">
  <testcase name="loginDDT" time="2.993" classname="com.inetBanking.TestCases.TC_LoginTest_DDT">
    <failure type="java.lang.AssertionError" message="expected [true] but found [false]">
      <![CDATA[java.lang.AssertionError: expected [true] but found [false]
at com.inetBanking.TestCases.TC_LoginTest_DDT.loginDDT(TC_LoginTest_DDT.java:35)
... Removed 29 stack frames]]>
    </failure>
  </testcase> <!-- loginDDT -->
  <testcase name="loginDDT" time="4.249" classname="com.inetBanking.TestCases.TC_LoginTest_DDT"/>
  <testcase name="loginDDT" time="2.206" classname="com.inetBanking.TestCases.TC_LoginTest_DDT">
    <failure type="java.lang.AssertionError" message="expected [true] but found [false]">
      <![CDATA[java.lang.AssertionError: expected [true] but found [false]
at com.inetBanking.TestCases.TC_LoginTest_DDT.loginDDT(TC_LoginTest_DDT.java:35)
... Removed 29 stack frames]]>
    </failure>
  </testcase> <!-- loginDDT -->
  <testcase name="loginDDT" time="2.149" classname="com.inetBanking.TestCases.TC_LoginTest_DDT">
    <failure type="java.lang.AssertionError" message="expected [true] but found [false]">
      <![CDATA[java.lang.AssertionError: expected [true] but found [false]
at com.inetBanking.TestCases.TC_LoginTest_DDT.loginDDT(TC_LoginTest_DDT.java:35)
... Removed 29 stack frames]]>
    </failure>
  </testcase> <!-- loginDDT -->
  <testcase name="loginDDT" time="5.647" classname="com.inetBanking.TestCases.TC_LoginTest_DDT">
    <failure type="java.lang.AssertionError" message="expected [true] but found [false]">
      <![CDATA[java.lang.AssertionError: expected [true] but found [false]
at com.inetBanking.TestCases.TC_LoginTest_DDT.loginDDT(TC_LoginTest_DDT.java:35)
... Removed 29 stack frames]]>
    </failure>
  </testcase> <!-- loginDDT -->
</testsuite> <!-- BankingApp Test -->
