<?xml version="1.0" encoding="UTF-8"?>
<!-- Generated by org.testng.reporters.JUnitXMLReporter -->
<testsuite hostname="LAPTOP-INNB72O5" ignored="0" name="BankingApp Test" tests="5" failures="0" timestamp="18 Apr 2020 13:56:03 GMT" time="49.386" errors="0">
  <testcase name="loginDDT" time="3.471" classname="com.inetBanking.TestCases.TC_LoginTest_DDT"/>
  <testcase name="loginDDT" time="18.439" classname="com.inetBanking.TestCases.TC_LoginTest_DDT"/>
  <testcase name="loginDDT" time="2.045" classname="com.inetBanking.TestCases.TC_LoginTest_DDT"/>
  <testcase name="loginDDT" time="1.738" classname="com.inetBanking.TestCases.TC_LoginTest_DDT"/>
  <testcase name="loginDDT" time="2.725" classname="com.inetBanking.TestCases.TC_LoginTest_DDT"/>
</testsuite> <!-- BankingApp Test -->
